<?xml version="1.0" encoding="UTF-8"?>
<robot generated="20171011 01:18:22.470" generator="Robot 3.0.2 (Python 2.7.14 on win32)">
<suite source="E:\1Майбутнє\Course_4\Team\SecretChat\Tests\1_login_password_test.robot" id="s1" name="1 Login Password Test">
<test id="s1-t1" name="User must sign in to check out">
<kw type="setup" name="Prepare Test Environment" library="_resource">
<kw name="Open Browser" library="Selenium2Library">
<doc>Opens a new browser instance to given URL.</doc>
<arguments>
<arg>${HOST}</arg>
<arg>${BROWSER}</arg>
</arguments>
<msg timestamp="20171011 01:18:25.970" level="INFO">Opening browser 'Chrome' to base url 'http://localhost:8080/'</msg>
<status status="PASS" endtime="20171011 01:18:32.859" starttime="20171011 01:18:25.969"></status>
</kw>
<kw name="Maximize Browser Window" library="Selenium2Library">
<doc>Maximizes current browser window.</doc>
<status status="PASS" endtime="20171011 01:18:32.987" starttime="20171011 01:18:32.859"></status>
</kw>
<status status="PASS" endtime="20171011 01:18:32.988" starttime="20171011 01:18:25.969"></status>
</kw>
<kw name="Wait Until Page Contains Element" library="Selenium2Library">
<doc>Waits until element specified with `locator` appears on current page.</doc>
<arguments>
<arg>css=.answer-add</arg>
</arguments>
<kw name="Capture Page Screenshot" library="Selenium2Library">
<doc>Takes a screenshot of the current page and embeds it into the log.</doc>
<msg timestamp="20171011 01:18:43.780" level="FAIL">WebDriverException: Message: chrome not reachable
  (Session info: chrome=61.0.3163.100)
  (Driver info: chromedriver=2.33.506120 (e3e53437346286c0bc2d2dc9aa4915ba81d9023f),platform=Windows NT 10.0.15063 x86_64)
</msg>
<status status="FAIL" endtime="20171011 01:18:43.780" starttime="20171011 01:18:39.755"></status>
</kw>
<msg timestamp="20171011 01:18:43.781" level="WARN">Keyword 'Capture Page Screenshot' could not be run on failure: WebDriverException: Message: chrome not reachable
  (Session info: chrome=61.0.3163.100)
  (Driver info: chromedriver=2.33.506120 (e3e53437346286c0bc2d2dc9aa4915ba81d9023f),platform=Windows NT 10.0.15063 x86_64)
</msg>
<msg timestamp="20171011 01:18:43.792" level="FAIL">WebDriverException: Message: chrome not reachable
  (Session info: chrome=61.0.3163.100)
  (Driver info: chromedriver=2.33.506120 (e3e53437346286c0bc2d2dc9aa4915ba81d9023f),platform=Windows NT 10.0.15063 x86_64)
</msg>
<status status="FAIL" endtime="20171011 01:18:43.793" starttime="20171011 01:18:32.989"></status>
</kw>
<kw type="teardown" name="Close All Browsers" library="Selenium2Library">
<doc>Closes all open browsers and resets the browser cache.</doc>
<status status="PASS" endtime="20171011 01:18:45.896" starttime="20171011 01:18:43.795"></status>
</kw>
<doc>Checking the chat and download some items.</doc>
<tags>
<tag>Smoke</tag>
</tags>
<status status="FAIL" endtime="20171011 01:18:45.897" critical="yes" starttime="20171011 01:18:25.968">WebDriverException: Message: chrome not reachable
  (Session info: chrome=61.0.3163.100)
  (Driver info: chromedriver=2.33.506120 (e3e53437346286c0bc2d2dc9aa4915ba81d9023f),platform=Windows NT 10.0.15063 x86_64)
</status>
</test>
<doc>Checking the secret-chat: http://secretchat.eu-4.evennode.com/</doc>
<status status="FAIL" endtime="20171011 01:18:45.910" starttime="20171011 01:18:22.476"></status>
</suite>
<statistics>
<total>
<stat fail="1" pass="0">Critical Tests</stat>
<stat fail="1" pass="0">All Tests</stat>
</total>
<tag>
<stat fail="1" pass="0">Smoke</stat>
</tag>
<suite>
<stat fail="1" id="s1" name="1 Login Password Test" pass="0">1 Login Password Test</stat>
</suite>
</statistics>
<errors>
<msg timestamp="20171011 01:18:43.781" level="WARN">Keyword 'Capture Page Screenshot' could not be run on failure: WebDriverException: Message: chrome not reachable
  (Session info: chrome=61.0.3163.100)
  (Driver info: chromedriver=2.33.506120 (e3e53437346286c0bc2d2dc9aa4915ba81d9023f),platform=Windows NT 10.0.15063 x86_64)
</msg>
</errors>
</robot>
